<?xml version="1.0" encoding="UTF-8"?>
<!-- Generated by org.testng.reporters.JUnitReportReporter -->
<testsuite hostname="Admin" failures="0" tests="4" name="TestCases.LoginPageTest" time="10.179" errors="0" timestamp="2022-06-05T16:13:00 IST" skipped="3">
  <testcase classname="TestCases.LoginPageTest" name="loginToAppTest" time="10.179"/>
  <system-out/>
  <testcase classname="TestCases.LoginPageTest" name="verifyZerodhaLogoTest">
    <skipped/>
  </testcase> <!-- verifyZerodhaLogoTest -->
  <system-out/>
  <testcase classname="TestCases.LoginPageTest" name="verifyKiteLogoTest">
    <skipped/>
  </testcase> <!-- verifyKiteLogoTest -->
  <system-out/>
  <testcase classname="TestCases.LoginPageTest" name="verifyTitleTest">
    <skipped/>
  </testcase> <!-- verifyTitleTest -->
  <system-out/>
</testsuite> <!-- TestCases.LoginPageTest -->
